<?xml version="1.0" encoding="UTF-8"?>
<testng-results ignored="0" total="1" passed="1" failed="0" skipped="0">
  <reporter-output>
  </reporter-output>
  <suite started-at="2024-03-13T10:29:30 IST" name="Default suite" finished-at="2024-03-13T10:29:41 IST" duration-ms="11072">
    <groups>
    </groups>
    <test started-at="2024-03-13T10:29:30 IST" name="Default test" finished-at="2024-03-13T10:29:41 IST" duration-ms="11072">
      <class name="Git.Git_Practice.Demo">
        <test-method signature="mOne()[pri:0, instance:Git.Git_Practice.Demo@dd8ba08]" started-at="2024-03-13T10:29:30 IST" name="mOne" finished-at="2024-03-13T10:29:41 IST" duration-ms="10998" status="PASS">
          <reporter-output>
          </reporter-output>
        </test-method> <!-- mOne -->
      </class> <!-- Git.Git_Practice.Demo -->
    </test> <!-- Default test -->
  </suite> <!-- Default suite -->
</testng-results>
